<?xml version="1.0" encoding="UTF-8"?>
<!-- Generated by org.testng.reporters.JUnitReportReporter -->
<testsuite skipped="0" hostname="DESKTOP-RD00IGJ" name="com.seleniumtraining.Testhgf" tests="2" failures="0" timestamp="16 Mar 2019 07:54:06 GMT" time="21.190" errors="0">
  <testcase name="login" time="13.293" classname="com.seleniumtraining.Testhgf"/>
  <testcase name="fillform" time="7.897" classname="com.seleniumtraining.Testhgf"/>
</testsuite> <!-- com.seleniumtraining.Testhgf -->
